
ROM used:   3950/32768 (12%)
            3950/32768 (12%) including unused fragments

            0.7 Average locations per line
            6.8 Average locations per statement

RAM used:   189/2048 (9%) at main() level
            223/2048 (11%) worst case

Stack used: 13 worst case (4 in main + 9 for interrupts)
Stack size: 31

Lines Stmts  %   Files
----- ----- ---  -----
  149    43   7  PicUSB.c
  837     0   0  ..\..\..\..\..\Program Files (x86)\PICC\Devices\18F4550.h
  228     0   0  ..\..\..\..\..\Program Files (x86)\PICC\Drivers\pic18_usb.h
  328     0   0  ..\..\..\..\..\Program Files (x86)\PICC\Drivers\usb_hw_layer.h
  164     0   0  PicUSB.h
 1103     0   0  ..\..\..\..\..\Program Files (x86)\PICC\Drivers\usb.h
 1177   218  38  ..\..\..\..\..\Program Files (x86)\PICC\Drivers\usb.c
 1406   317  55  ..\..\..\..\..\Program Files (x86)\PICC\Drivers\pic18_usb.c
----- -----
 5392   578 Total

Page ROM  %  RAM   Vol Diff  Functions:
---- --- --- ---   --- ----  ----------
0     32   0    0             @const744
0     48   1    0             @const750
0     66   1    0             @const753
0     48   1    0             @const756
0     18   0    0             @const759
0     34   0    0             @const762
0     20   0    0             @const765
0     52   1    0             @const768
0     56   1    4   139  4.3  usb_kbhit
0     64   1    4   139  4.3  usb_tbe
0     36   0    1   145  3.2  usb_detach
0     34   0    0   136  2.2  usb_attach
0      6   0    0    16  1.0  usb_init_cs
0     34   0    1   367  5.2  usb_task
0     14   0    0    61  2.5  usb_init
0    214   3    9  1092  5.4  usb_flush_in
0    162   2   10   344  6.1  usb_put_packet
0    198   3    9   914  5.0  usb_flush_out
0    194   2   12   652  5.9  usb_get_packet_buffer
0     62   1    5   154  3.9  usb_get_packet
0     70   1    6   258  4.6  usb_stall_ep
0     68   1    6   266  4.6  usb_unstall_ep
0     86   1    5   373  6.0  usb_endpoint_stalled
0     22   0    1    94  2.7  usb_set_address
0    434   5   12  1774 10.4  usb_set_configured
0     76   1    5   199  3.2  usb_disable_endpoint
0     22   0    1    99  3.0  usb_disable_endpoints
0      4   0    0    61  4.0  usb_clear_trn
0    114   1    2   662  6.8  usb_isr
0      6   0    0    43  2.0  usb_isr_sof
0     42   1    0   357  4.2  usb_isr_rst
0     32   0    0   508  4.0  usb_init_ep0_setup
0      8   0    0    74  2.8  usb_isr_uerr
0     10   0    0    82  2.8  usb_isr_uidle
0     16   0    0   102  3.3  usb_isr_activity
0     14   0    0   151  3.9  usb_isr_stall
0      6   0    1    30  1.7  usb_request_send_response
0      4   0    0    22  1.2  usb_request_stall
0    206   3    2  3177  9.3  usb_isr_tok_dne
0      8   0    0    29  1.9  usb_enumerated
0     12   0    0    52  2.1  usb_wait_for_enumeration
0     40   1    3   255  4.0  usb_token_reset
0     86   1    3   274  5.9  usb_endpoint_is_valid
0     22   0    1   158  3.1  usb_isr_tok_in_dne
0      6   0    1    53  1.9  usb_isr_tok_out_dne
0     42   1    0   293  5.8  usb_isr_tok_setup_dne
0    170   2    0  1454  8.3  usb_isr_tkn_setup_StandardDevice
0    150   2    3   933  7.7  usb_isr_tkn_setup_StandardInterface
0     94   1    0   753  5.8  usb_isr_tkn_setup_StandardEndpoint
0    144   2    1   790  7.7  usb_Get_Descriptor
0     14   0    0    76  1.8  usb_finish_set_address
0    150   2    4   591  8.6  usb_copy_desc_seg_to_ep
0    234   3    5  1278  4.5  MAIN
 Inline         0             @cinit1

Program metrics:
    Functions               45
    Statements              578
    Comments                2646
    Volume (V)              35261
    Difficulty (D)          204.7
    Effort to implement (E) 7218316
    Time to implement (T)   111 hours, 24 minutes
    Est Delivered Bugs (B)  12
    Cyclomatic Complexity   113
    Maintainability (MI)    63

 Segment     Used  Free
-----------  ----  ----
00000-00002     4  0  
00004-00006     4  0  
00008-00094   142  0  
00096-07FFE  3800  28818  



